<?xml version="1.0" encoding="UTF-8"?>
<testsuite name="org.cirdles.peakShapes_Tripoli.beamShape.BeamShapeCollectorWidthTest" tests="1" skipped="0" failures="0" errors="0" timestamp="2022-07-07T01:24:49" hostname="LAPTOP-1U7U8C9H" time="0.079">
  <properties/>
  <testcase name="getBeamShape()" classname="org.cirdles.peakShapes_Tripoli.beamShape.BeamShapeCollectorWidthTest" time="0.079"/>
  <system-out><![CDATA[[[778.8788006846122], [675.2515403381025], [578.1336561914399], [487.34771358855056], [402.7162778734022], [324.06191438991425], [251.2071884820302], [183.97466549369054], [122.18691076884159], [65.66648965144448], [14.23596748017169], [-32.28209039003007], [-74.06511862100838], [-111.29055186879374], [-144.13582478946208], [-172.77837203910178], [-197.3956282737126], [-218.16502814938312], [-235.2640063222007], [-248.86999744814676], [-259.160436183365], [-266.31275718387496], [-270.5043951057255], [-271.91278460499205], [-270.71536033774424], [-267.08955695997656], [-261.21280912785215], [-253.2625514973466], [-243.41621872458617], [-231.8512454655288], [-218.745066374882], [-204.27511611142114], [-188.61882932994666], [-171.95364068644065], [-154.4569848370775], [-136.30629643778653], [-117.6790101447489], [-98.75256061396901], [-79.70438250146978], [-60.711910463330234], [-41.952579155675835], [-23.603823234491493], [-5.84307735586458], [11.152223824188006], [27.20464564958133], [42.13675346421612], [55.77871465326741], [68.07864507011863], [79.07765368127299], [88.81937199768286], [97.34743152725044], [104.70546378106435], [110.93710026909922], [116.08597250133838], [120.19571198776252], [123.30995023834853], [125.47231876307453], [126.72644907192829], [127.11597267487757], [126.68452108191079], [125.47572580300347], [123.53321834813757], [120.90063022728908], [117.62159295044027], [113.73973802757217], [109.29869696866174], [104.34210128368579], [98.91358248262955], [93.05677207547328], [86.81530157150398], [80.23280248204239], [73.35290631642533], [66.21924458462051], [58.87544879662217], [51.36515046239878], [43.73198109193653], [36.01957219520926], [28.27155528220552], [20.531561862890506], [12.843223447261439], [5.250171545282036], [-2.2039623330589997], [-9.475546677786685], [-16.5209499789152], [-23.29654072647031], [-29.758687410475464], [-35.863758520943534], [-41.56812254789796], [-46.82814798136042], [-51.600203311831095], [-55.84065702831497], [-59.50594456897653], [-62.57060925843975], [-65.05171694849676], [-66.9724307894605], [-68.35591393164042], [-69.22532952534938], [-69.60384072089688], [-69.51461066859457], [-68.98080251875228], [-68.02557942168318], [-66.67210452769729], [-64.94354098710541], [-62.86305195021756], [-60.453800567346796], [-57.738949988803114], [-54.741663364896965], [-51.48510384594035], [-47.99243458185912], [-44.286818723712706], [-40.39141942145093], [-36.329399825384655], [-32.12392308582559], [-27.798152353083363], [-23.37525077747042], [-18.878381509297746], [-14.330707698875067], [-9.755392496514531], [-5.17559905252587], [-0.6144905172223769], [3.904769959087675], [8.359019226090709], [12.72509413347563], [16.979831530934234], [21.100068268153322], [25.062641194822202], [28.844387160631076], [32.4221430152687], [35.77274560876671], [38.87303179009804], [41.699838409323405], [44.230002316127184], [46.44036036020359], [48.307749391239724], [49.809006258923276], [50.920967812943836], [51.62047090299091], [51.88773887000072], [51.730337306811364], [51.169054502453065], [50.22476491744099], [48.918343012288446], [47.270663247510754], [45.30260008362238], [43.03502798113672], [40.4888214005692], [37.684854802433385], [34.64400264690759], [31.387139395157195], [27.935139507383454], [24.30887744410249], [20.529227665827644], [16.617064633072648], [12.593262806352723], [8.478696646181668], [4.29424061307512], [0.06076916754569783], [-4.20084322989075], [-8.469722118720991], [-12.724993038429831], [-16.945781528503673], [-21.111213128427472], [-25.200413377687248], [-29.192507815768185], [-33.06662198215598], [-36.80188141633765], [-40.37741165779671], [-43.77233824637269], [-46.96578672082238], [-49.93688262100577], [-52.66475148640794], [-55.128518856513054], [-57.30731027080965], [-59.18025126878078], [-60.726467389913445], [-61.925084173693534], [-62.755227159604445], [-63.19602188713517], [-63.22659389576886], [-62.82606872499141], [-61.97357191428963], [-60.64822900314774], [-58.829451808772646], [-56.51060371414666], [-53.704998080890455], [-50.42748254028283], [-46.69290472360219], [-42.51611226165768], [-37.91195278662247], [-32.895273929351745], [-27.480923321124788], [-21.683748593219452], [-15.518597376914467], [-9.000317303489116], [-2.1437560042216006], [5.036238889609239], [12.524819746725127], [20.30713893584701], [28.36834882569619], [36.693601784994364], [45.2680501824625], [54.076846386822666], [63.105142766795524], [72.33809169110198], [81.76084552846461], [91.3585566476037], [101.11637741829207], [111.01946020716407], [121.05295738397561], [131.2020213174479], [141.45180437630097], [151.78745892925934], [162.19413734504116], [172.65699199236911], [183.16117523996527], [193.6918394565496], [204.23413701084422], [214.77322027157038], [225.29424160744946], [235.78235338720236], [246.22270797955144], [256.60045775321703], [266.90075507692046], [277.10875231938496], [287.20960184932954], [297.1884560354743], [307.0304672475893], [316.7207878522874], [326.259233211056], [335.71285059085125], [345.1679450011297], [354.7108230356086], [364.427791288005], [374.40515635203616], [384.7292248214187], [395.48630328986906], [406.7626983511052], [418.6447165988435], [431.21866462680117], [444.5708490286949], [458.7875763982422], [473.9551533291594], [490.15988641516424], [507.48808224997356], [526.0260474273041], [545.8600885430646], [567.0765121867403], [589.761624954098], [614.0017334388538], [639.8831442347253], [667.4921639354288], [696.9150991346811], [728.238256426201], [761.547942403704], [796.9304636609065], [834.4721267915271], [874.2592383892811], [916.3781050478865], [960.9150333610601], [1007.95632992252], [1057.5883013259813], [1109.897254165162], [1164.969495033778], [1222.8913305255478], [1283.749067234188], [1347.6290117604055], [1414.617470684274], [1484.8007506061717], [1558.265158119818], [1635.0969998189275], [1715.3825822972192], [1799.208212148408], [1886.6601959662125], [1977.837795069177], [2073.0831120114494], [2172.953921601297], [2278.0154956029], [2388.8331057804326], [2505.9720238980726], [2629.997521719998], [2761.474871010383], [2900.9693435334093], [3049.046211053249], [3206.2707453340813], [3373.208218140084], [3550.4239012549397], [3738.483066405001], [3937.9509853728227], [4149.392929922583], [4373.374171818457], [4610.4599828246255], [4861.2156347052605], [5126.206399224543], [5405.997548146648], [5701.154353235753], [6012.242086256032], [6339.826018971668], [6684.471423146835], [7046.743570545709], [7427.2077329324675], [7826.42918207129], [8244.97318972635], [8683.405027661825], [9142.289967641893], [9622.19328148316], [10123.68024084728], [10647.316117548587], [11193.666183351252], [11763.29571001946], [12356.76996931738], [12974.654233009194], [13617.513772859078], [14285.913860631204], [14980.419768089758], [15701.596766998911], [16450.01012912284], [17226.225126225727], [18030.80703007174], [18864.320988710115], [19727.26105483015], [20619.931206222114], [21542.6039942981], [22495.551970470187], [23479.04768615049], [24493.36369286113], [25538.77254179744], [26615.546784478272], [27723.958972315693], [28864.281656721803], [30036.787389108707], [31241.748720888478], [32479.43820347322], [33750.12838827502], [35054.091826705975], [36391.601070178156], [37762.92867010369], [39168.34717789463], [40608.12914496312], [42082.5471227212], [43591.873662580976], [45136.38131595455], [46716.34263425402], [48332.03016889146], [49983.71647145741], [51671.674093010966], [53396.175585138815], [55157.493499253025], [56955.900386765716], [58791.668799088955], [60665.071287634855], [62576.38040381548], [64525.86869904295], [66513.80872472934], [68540.47303228675], [70606.13417312727], [72711.064698663], [74855.537160306], [77039.8241094684], [79264.19809756229], [81528.93167599973], [83834.29739619284], [86180.56780955369], [88568.01546749438], [90996.91292168878], [93467.49469841446], [95979.63802702032], [98533.02436924186], [101127.33318161027], [103762.24392065678], [106437.43604291246], [109152.58900490857], [111907.38226317629], [114701.49527424673], [117534.60749465112], [120406.39838092061], [123316.54738958643], [126264.73397717971], [129250.63760023162], [132273.93771527338], [135334.31377883613], [138431.44524745108], [141565.01157764942], [144734.69222630287], [147940.16664926524], [151181.11430340447], [154457.21464525172], [157768.14713133822], [161113.5912181951], [164493.22636235354], [167906.73202034476], [171353.7876486999], [174834.0727039501], [178347.26664262664], [181893.04892126058], [185471.0989963832], [189081.0963245256], [192722.72036221906], [196395.6505659946], [200099.56639238354], [203834.147297917], [207599.07273912622], [211394.02217254223], [215218.67505510667], [219072.7108425331], [222955.80899175996], [226867.6489593184], [230807.91020173952], [234776.2721755546], [238772.4143372947], [242795.99651741033], [246845.3615390557], [250916.72637179543], [255006.1148714252], [259109.55089374035], [263223.05829453655], [267342.6609296091], [271464.3826547538], [275584.24732576584], [279698.27879844094], [283802.5009285746], [287892.93757196213], [291965.61258439935], [296016.5498221131], [300041.77314003295], [304037.30639438826], [307999.1734409749], [311923.3981355881], [315806.00433402346], [319643.0158920766], [323430.45666554285], [327164.35051021766], [330840.72128189687], [334455.5928363756], [338004.9890294498], [341484.93371691444], [344891.4507545655], [348220.5639981983], [351468.29730360844], [354630.6745265912], [357703.7195229423], [360683.45614845713], [363565.9082592339], [366347.09971045185], [369023.0543582197], [371589.796058333], [374043.34866658715], [376379.7360387778], [378594.9820307001], [380685.1104981502], [382646.1452969231], [384474.1102828144], [386165.0293116197], [387714.92623913445], [389119.82492115424], [390375.7492134747], [391479.56231875584], [392432.5432466267], [393237.41804026073], [393896.91358254116], [394413.75675635133], [394790.6744445749], [395030.3935301128], [395135.640895798], [395109.14342454623], [394953.6279992411], [394671.82150276576], [394266.4508180035], [393740.2428278376], [393095.9244151513], [392336.22246282833], [391463.86385375157], [390481.5754708041], [389392.0841968699], [388198.1169148317], [386902.40050757304], [385507.66185797675], [384016.62784892664], [382432.02536330617], [380756.58128399844], [378993.0224938862], [377144.0758756514], [375212.4683125724], [373200.9266873395], [371112.17788283573], [368948.9487819452], [366713.9662675499], [364409.95722253417], [362039.6485297817], [359605.7670721743], [357111.0397325963], [354558.1933939312], [351949.9549390611], [349289.0512508703], [346578.2092122412], [343820.1557060592], [341017.617615205], [338173.32182256307], [335289.99521101697], [332370.3646634497], [329417.1570627447], [326433.0998787487], [323420.9339466223], [320383.4134976993], [317323.29333999107], [314243.32828150754], [311146.2731302591], [308034.8826942564], [304911.9117815102], [301780.1152000305], [298642.2477578275], [295501.0642629129], [292359.3195232953], [289219.7683469875], [286085.16554199776], [282958.26591633813], [279841.8242780188], [276738.59543504874], [273651.33419544145], [270582.7953672039], [267535.733758349], [264512.9041765646], [261517.06143050772], [258550.96032786492], [255617.35567664588], [252719.00228486158], [249858.6549605223], [247039.06851163838], [244262.99774622038], [241533.197472278], [238852.42249782328], [236223.4276308664], [233648.96767941728], [231131.79745148704], [228674.67175508474], [226280.34539822207], [223951.5731889096], [221691.10993515613], [219501.71044497372], [217386.12952637376], [215347.12198715025], [213387.44263575214], [211509.8462799663], [209717.08772780516], [208011.92178727646], [206397.10326639173], [204875.38616010884], [203448.13717924146], [202112.48946380996], [200864.77145843947], [199701.3116077545], [198618.4383563798], [197612.4801489406], [196679.76543006123], [195816.62264436673], [195019.38023648114], [194284.36665103032], [193607.91033263804], [192986.33972592978], [192415.98327553007], [191893.1694260105], [191414.22662210654], [190975.4833083852], [190573.2679294711], [190203.90892998935], [189863.7347545642], [189549.07384782037], [189256.25465438355], [188981.60561887713], [188721.45518592698], [188472.13180015743], [188229.96390619353], [187991.27994865942], [187752.4083721801], [187509.67762138168], [187259.4161408865], [186997.9523753207], [186721.6147693097], [186426.73176747691], [186109.63181441324], [185766.6433548096], [185394.0948332585], [184988.3146943857], [184545.6313828148], [184062.37334317018], [183534.8690200792], [182959.4468581639], [182332.43530204962], [181650.16279636123], [180908.95778572452], [180105.14871476378], [179235.06402810264], [178295.34925817949], [177286.14053401529], [176209.73647653373], [175068.4679321748], [173864.6657473785], [172600.66076858537], [171278.78384223516], [169901.3658146179], [168470.73753246848], [166989.22984208274], [165459.1735899008], [163882.89962236228], [162262.73878590827], [160601.02192697796], [158900.07989201206], [157162.24352744987], [155389.84367973282], [153585.21119530007], [151750.67692059188], [149888.57170204815], [148001.22638610998], [146090.97181921627], [144160.13884780774], [142211.05831832462], [140246.06107720657], [138267.47797089425], [136277.63984582742], [134278.8775482321], [132273.52192497585], [130263.9038222861], [128252.35408660216], [126241.20356436484], [124232.78310201413], [122229.42354599008], [120233.45574273256], [118247.21053868193], [116273.01878027817], [114313.2113139616], [112370.11898617218], [110446.07264334962], [108543.40313193489], [106664.44129836757], [104811.51798908813], [102986.96405053617], [101193.1103291525], [99432.27831245572], [97705.87577984681], [96013.64289030318], [94355.1423293862], [92729.93678284205], [91137.58893641789], [89577.66147586104], [88049.71708691814], [86553.31845533603], [85088.02826686228], [83653.40920724352], [82249.02396222648], [80874.43521755878], [79529.20565898658], [78212.89797225737], [76925.07484311821], [75665.29895731549], [74433.13300059702], [73228.13965870922], [72049.88161739895], [70897.92156241355], [69771.82217938104], [68671.14615428905], [67595.45617276254], [66544.31492054834], [65517.28508339398], [64513.929347046425], [63533.81039725209], [62576.49091975813], [61641.533600311974], [60728.5011246601], [59836.956178549866], [58966.4614477276], [58116.579617940806], [57286.87337493666], [56476.90540446224], [55686.238392263745], [54914.435024088714], [54161.0579856834], [53425.669962795764], [52707.833641096775], [52007.11170648591], [51323.06684463387], [50655.26174128694], [50003.25908219174], [49366.62155309568], [48744.91121942614], [48137.68640370919], [47544.504024484624], [46964.92099880583], [46398.49424372658], [45844.78067630015], [45303.33721358009], [44773.72077261993], [44255.48827047333], [43748.19662419353], [43251.40275083408], [42764.6635674487], [42287.53599109072], [41819.576938813625], [41360.34332762235], [40909.392074668554], [40466.28009695632], [40030.56431153873], [39601.80163546978], [39179.54898580266], [38763.363279591096], [38352.80143388823], [37947.420365748134], [37546.77699222378], [37150.42823036881], [36757.9309972371], [36368.84220988163], [35982.71878535623], [35599.11764071431], [35217.59569300926], [34837.709859294846], [34459.01705662461], [34081.07420205141], [33703.43821258908], [33325.66600537169], [32947.31449741228], [32567.94060576424], [32187.101247481303], [31804.35333961696], [31419.253799224276], [31031.359543357616], [30640.227489069675], [30245.414553414044], [29846.477653444857], [29442.973706214765], [29034.471690787712], [28620.88751986017], [28202.527757334705], [27779.719804609438], [27352.791063082936], [26922.06893415354], [26487.880819219517], [26050.55411967941], [25610.416236884244], [25167.79457232659], [24723.016527357926], [24276.409503376566], [23828.300901780985], [23379.01812396938], [22928.888571340238], [22478.239645291993], [22027.398747222935], [21576.693278531344], [21126.450640615774], [20676.99823487452], [20228.663462705914], [19781.773725508356], [19336.656424680215], [18893.638961619923], [18453.048737725767], [18015.2131543961], [17580.4596130294], [17149.115515023954], [16721.508261732626], [16297.965254645402], [15878.813895114534], [15464.38158453839], [15054.995724315499], [14650.983715844046], [14252.672960522652], [13860.3908597494], [13474.464814922985], [13095.222227441522], [12722.990498703355], [12358.097030107001], [12000.869223050802], [11651.634478933196], [11310.720199152509], [10978.453785106869], [10655.162638194925], [10341.174151144827], [10036.720382757376], [9741.700554485744], [9455.941298834638], [9179.269248213755], [8911.511035064954], [8652.493291829947], [8402.042650950436], [8159.985744868262], [7926.149206025094], [7700.359666862747], [7482.443759822946], [7272.228117347423], [7069.539371878026], [6874.204155856338], [6686.049101724304], [6504.9008419235815], [6330.586008895913], [6162.931235083082], [6001.763152926827], [5846.9083948689], [5698.193593351085], [5555.445380800112], [5418.490389688356], [5287.155252441857], [5161.266601502537], [5040.6510693119735], [4925.135288312015], [4814.545890944467], [4708.70950965097], [4607.452776873266], [4510.602325053295], [4417.984786632543], [4329.426794052939], [4244.75497975621], [4163.795976184213], [4086.3764157783785], [4012.3229309807766], [3941.4621542330456], [3873.6207179770504], [3808.6252546543133], [3746.3023967002064], [3686.4787765697965], [3628.9810266980494], [3573.6357795265812], [3520.2696674975136], [3468.7140146814622], [3418.8611500110724], [3370.646064786453], [3324.0046257139097], [3278.872699499752], [3235.186152850304], [3192.8808524718697], [3151.892665070753], [3112.1574573532625], [3073.611096025728], [3036.189447794447], [2999.8283793657274], [2964.463757445876], [2930.031448741231], [2896.467319958073], [2863.7072377992445], [2831.687068978091], [2800.3426801973637], [2769.6099381633544], [2739.4247095823976], [2709.7228611607984], [2680.440259604855], [2651.5127716208913], [2622.8762639152224], [2594.466603194148], [2566.2196561639607], [2538.071289531022], [2509.957370001597], [2481.813764282008], [2453.576339078593], [2425.1809610976175], [2396.5634970454184], [2367.659813628319], [2338.4057775525935], [2308.737255524559], [2278.5901142473226], [2247.900220433591], [2216.603440786468], [2184.6356420123134], [2151.932690817406], [2118.4304539080326], [2084.064797990557], [2048.771589771251], [2012.4866959564501], [1975.1459832524476], [1936.6855647948523], [1897.079371744363], [1856.379536147944], [1814.6478757095106], [1771.946208132982], [1728.3363511222685], [1683.8801223812911], [1638.6393396139597], [1592.675820524198], [1546.0513828108988], [1498.8278441879509], [1451.067022354327], [1402.8307350139385], [1354.180799870695], [1305.1790346285284], [1255.8872569913367], [1206.3672846630432], [1156.68093534757], [1106.8900267488277], [1057.0563765707348], [1007.2418025171992], [957.508122292152], [907.9171535994877], [858.5307141431388], [809.410621627012], [760.6186937550369], [712.2167482311073], [664.2666027591569], [616.8300750430996], [569.9689827818698], [523.7451436894154], [478.2203754645998], [433.45649581133944], [389.5153224335592], [346.45867303517247], [304.34836532009626], [263.2462169922333], [223.21404575551855], [184.3136693138534], [146.60690537116307], [110.15557163135998], [75.02148579836665], [41.26646557608322], [8.952328668439176], [-21.859107220657904], [-51.10602438729232], [-78.7347320264091], [-104.74821567233275], [-129.1735963015327], [-152.03808405310124], [-173.3688890740477], [-193.19322150868425], [-211.5382915013201], [-228.4313091962684], [-243.89948473784128], [-257.97002827035163], [-270.67014993811466], [-282.0270598854384], [-292.06796825663963], [-300.8200851960256], [-308.3106208479143], [-314.56678535660967], [-319.615788866435], [-323.4848415216924], [-326.2011534666972], [-327.79193484576126], [-328.28439580320145], [-327.7057464833247], [-326.0831970302171], [-323.4439575885468], [-319.81523830249336], [-315.22424931638574], [-309.69820077451516], [-303.2643028212179], [-295.9497656007902], [-287.7817992575444], [-278.78761393580635], [-268.99441977987374], [-258.429426934065], [-247.11984554269782], [-235.09288575006894], [-222.37575770050657], [-208.9956715383121], [-194.9798374078003], [-180.35546545328833], [-165.1497658190912], [-149.38994864950502], [-133.10322408886205], [-116.31680227963625], [-99.05789336974823], [-81.35370750173152], [-63.23207173886115], [-44.74355843042767], [-25.967588613119297], [-6.985442765413358], [12.121598634214948], [31.27225510728733], [50.38524617532881], [69.37929135986266], [88.17311018241254], [106.68542216450045], [124.83494682765205], [142.5404036933891], [159.72051228323656], [176.29399211871535], [192.1795627213531], [207.29594361266797], [221.561854315664], [234.89601434880782], [247.21714323519302], [258.4439604963437], [268.4951856537842], [277.2895382290366], [284.74573774362324], [290.78250371907], [295.31855567690087], [298.2726131386371], [299.56339562580354], [299.10962265992293], [296.83001376251843], [292.6432884551172], [286.46816625923657], [278.2233666964038], [267.8276092881426], [255.1996135559769], [240.25809902142691], [222.9217852060201], [203.109391629024], [180.73963781619256], [155.7312432870628], [128.00292756316043], [97.47341016600808], [64.06141061712913], [27.685648438047565], [-11.735156849714826], [-54.28228572463195], [-100.03701865352696]]
]]></system-out>
  <system-err><![CDATA[Testing Example Data DV
]]></system-err>
</testsuite>
